INFO: 2020-10-02 12:12:09,860: perform_upgrade() 'Last run version was 0.6.7 or earlier, current version is 0.6.7'
INFO: 2020-10-02 12:12:09,861: process_command() 'Received command: []'
INFO: 2020-10-02 12:12:09,864: load_banned() 'Missing or invalid banned URLs list, no URLs will be banned'
INFO: 2020-10-02 12:12:09,884: load() 'Jumble loading'
INFO: 2020-10-02 12:12:09,884: _walk_modules() 'Jumble loading module in __init__ from /usr/share/variety/plugins/__init__.py'
INFO: 2020-10-02 12:12:09,884: _walk_modules() 'Jumble loading module in GoodreadsSource from /usr/share/variety/plugins/quotes/GoodreadsSource.py'
INFO: 2020-10-02 12:12:09,885: _walk_modules() 'Jumble loading module in QuotationsPageSource from /usr/share/variety/plugins/quotes/QuotationsPageSource.py'
INFO: 2020-10-02 12:12:09,886: _walk_modules() 'Jumble loading module in QuotesDaddySource from /usr/share/variety/plugins/quotes/QuotesDaddySource.py'
INFO: 2020-10-02 12:12:09,886: load() 'Jumble found plugin class: <class 'QuotesDaddySource.QuotesDaddySource'>: {'author': 'Peter Levi', 'name': 'QuotesDaddy', 'version': '0.1', 'description': u"Fetches quotes from QuotesDaddy's daily quotes RSS feed.\nDoes not support searching by tags or authors."}'
INFO: 2020-10-02 12:12:09,886: _walk_modules() 'Jumble loading module in LocalFilesSource from /usr/share/variety/plugins/quotes/LocalFilesSource.py'
INFO: 2020-10-02 12:12:09,887: load() 'Jumble found plugin class: <class 'LocalFilesSource.LocalFilesSource'>: {'author': 'Peter Levi', 'name': 'Local text files', 'version': '0.1', 'description': u'Displays quotes, defined in local text files.\nPut your own txt files in: ~/.config/variety/pluginconfig/quotes/.\nThe file format is:\n\nquote -- author\n.\nsecond quote -- another author\n.\netc...\n\nExample: http://rvelthuis.de/zips/quotes.txt'}'
INFO: 2020-10-02 12:12:09,887: _walk_modules() 'Jumble loading module in __init__ from /usr/share/variety/plugins/quotes/__init__.py'
INFO: 2020-10-02 12:12:09,891: log_options() 'Loaded options:'
INFO: 2020-10-02 12:12:09,891: log_options() 'change_enabled = True'
INFO: 2020-10-02 12:12:09,891: log_options() 'change_interval = 7200'
INFO: 2020-10-02 12:12:09,891: log_options() 'change_on_start = False'
INFO: 2020-10-02 12:12:09,891: log_options() 'clipboard_enabled = False'
INFO: 2020-10-02 12:12:09,891: log_options() 'clipboard_hosts = [u'wallhaven.cc', u'ns223506.ovh.net', u'wallpapers.net', u'flickr.com', u'imgur.com', u'deviantart.com', u'interfacelift.com', u'vladstudio.com', u'imageshack.us']'
INFO: 2020-10-02 12:12:09,891: log_options() 'clipboard_use_whitelist = True'
INFO: 2020-10-02 12:12:09,891: log_options() 'clock_date_font = Ubuntu Condensed, 30'
INFO: 2020-10-02 12:12:09,891: log_options() 'clock_enabled = False'
INFO: 2020-10-02 12:12:09,891: log_options() 'clock_filter = -density 100 -font `fc-match -f '%{file[0]}' '%CLOCK_FONT_NAME'` -pointsize %CLOCK_FONT_SIZE -gravity SouthEast -fill '#00000044' -annotate 0x0+[%HOFFSET+58]+[%VOFFSET+108] '%H:%M' -fill white -annotate 0x0+[%HOFFSET+60]+[%VOFFSET+110] '%H:%M' -font `fc-match -f '%{file[0]}' '%DATE_FONT_NAME'` -pointsize %DATE_FONT_SIZE -fill '#00000044' -annotate 0x0+[%HOFFSET+58]+[%VOFFSET+58] '%A, %B %d' -fill white -annotate 0x0+[%HOFFSET+60]+[%VOFFSET+60] '%A, %B %d''
INFO: 2020-10-02 12:12:09,891: log_options() 'clock_font = Ubuntu Condensed, 70'
INFO: 2020-10-02 12:12:09,891: log_options() 'configfile = /home/padre/.config/variety/variety.conf'
INFO: 2020-10-02 12:12:09,891: log_options() 'copyto_enabled = False'
INFO: 2020-10-02 12:12:09,891: log_options() 'copyto_folder = Default'
INFO: 2020-10-02 12:12:09,891: log_options() 'desired_color = [160, 160, 160]'
INFO: 2020-10-02 12:12:09,891: log_options() 'desired_color_enabled = False'
INFO: 2020-10-02 12:12:09,891: log_options() 'download_enabled = True'
INFO: 2020-10-02 12:12:09,891: log_options() 'download_folder = /home/padre/.config/variety/Downloaded'
INFO: 2020-10-02 12:12:09,891: log_options() 'download_interval = 3600'
INFO: 2020-10-02 12:12:09,892: log_options() 'facebook_message = '
INFO: 2020-10-02 12:12:09,892: log_options() 'facebook_show_dialog = True'
INFO: 2020-10-02 12:12:09,892: log_options() 'favorites_folder = /home/padre/.config/variety/Favorites'
INFO: 2020-10-02 12:12:09,892: log_options() 'favorites_operations = [[u'Downloaded', u'Copy'], [u'Fetched', u'Move'], [u'Others', u'Copy']]'
INFO: 2020-10-02 12:12:09,892: log_options() 'fetched_folder = /home/padre/.config/variety/Fetched'
INFO: 2020-10-02 12:12:09,892: log_options() 'filters = [[False, u'Keep original', u''], [False, u'Grayscale', u'-type Grayscale'], [False, u'Heavy blur', u'-blur 120x40'], [False, u'Soft blur', u'-blur 20x7'], [False, u'Oil painting', u'-paint 8'], [False, u'Pencil sketch', u'-colorspace gray \\( +clone -tile ~/.config/variety/pencil_tile.png -draw "color 0,0 reset" +clone +swap -compose color_dodge -composite \\) -fx \'u*.2+v*.8\''], [False, u'Pointilism', u'-spread 10 -noise 3'], [False, u'Pixellate', u'-scale 3% -scale 3333%']]'
INFO: 2020-10-02 12:12:09,892: log_options() 'icon = Light'
INFO: 2020-10-02 12:12:09,892: log_options() 'lightness_enabled = False'
INFO: 2020-10-02 12:12:09,892: log_options() 'lightness_mode = 0'
INFO: 2020-10-02 12:12:09,892: log_options() 'min_rating = 4'
INFO: 2020-10-02 12:12:09,892: log_options() 'min_rating_enabled = False'
INFO: 2020-10-02 12:12:09,892: log_options() 'min_size = 80'
INFO: 2020-10-02 12:12:09,892: log_options() 'min_size_enabled = False'
INFO: 2020-10-02 12:12:09,892: log_options() 'quota_enabled = True'
INFO: 2020-10-02 12:12:09,892: log_options() 'quota_size = 500'
INFO: 2020-10-02 12:12:09,893: log_options() 'quotes_authors = '
INFO: 2020-10-02 12:12:09,893: log_options() 'quotes_bg_color = [80, 80, 80]'
INFO: 2020-10-02 12:12:09,893: log_options() 'quotes_bg_opacity = 55'
INFO: 2020-10-02 12:12:09,893: log_options() 'quotes_change_enabled = False'
INFO: 2020-10-02 12:12:09,893: log_options() 'quotes_change_interval = 300'
INFO: 2020-10-02 12:12:09,893: log_options() 'quotes_disabled_sources = [u'QuotesDaddy']'
INFO: 2020-10-02 12:12:09,893: log_options() 'quotes_enabled = False'
INFO: 2020-10-02 12:12:09,893: log_options() 'quotes_favorites_file = /home/padre/.config/variety/favorite_quotes.txt'
INFO: 2020-10-02 12:12:09,893: log_options() 'quotes_font = Bitstream Charter 30'
INFO: 2020-10-02 12:12:09,893: log_options() 'quotes_hpos = 100'
INFO: 2020-10-02 12:12:09,893: log_options() 'quotes_tags = '
INFO: 2020-10-02 12:12:09,893: log_options() 'quotes_text_color = [255, 255, 255]'
INFO: 2020-10-02 12:12:09,893: log_options() 'quotes_text_shadow = False'
INFO: 2020-10-02 12:12:09,893: log_options() 'quotes_vpos = 40'
INFO: 2020-10-02 12:12:09,893: log_options() 'quotes_width = 70'
INFO: 2020-10-02 12:12:09,893: log_options() 'safe_mode = True'
INFO: 2020-10-02 12:12:09,893: log_options() 'slideshow_custom_enabled = False'
INFO: 2020-10-02 12:12:09,893: log_options() 'slideshow_custom_folder = /home/padre/Pictures'
INFO: 2020-10-02 12:12:09,893: log_options() 'slideshow_downloads_enabled = False'
INFO: 2020-10-02 12:12:09,893: log_options() 'slideshow_fade = 0.4'
INFO: 2020-10-02 12:12:09,894: log_options() 'slideshow_favorites_enabled = True'
INFO: 2020-10-02 12:12:09,894: log_options() 'slideshow_mode = Fullscreen'
INFO: 2020-10-02 12:12:09,894: log_options() 'slideshow_monitor = All'
INFO: 2020-10-02 12:12:09,894: log_options() 'slideshow_pan = 0.05'
INFO: 2020-10-02 12:12:09,894: log_options() 'slideshow_seconds = 6.0'
INFO: 2020-10-02 12:12:09,894: log_options() 'slideshow_sort_order = Random'
INFO: 2020-10-02 12:12:09,894: log_options() 'slideshow_sources_enabled = True'
INFO: 2020-10-02 12:12:09,894: log_options() 'slideshow_zoom = 0.2'
INFO: 2020-10-02 12:12:09,894: log_options() 'smart_enabled = False'
INFO: 2020-10-02 12:12:09,894: log_options() 'smart_notice_shown = True'
INFO: 2020-10-02 12:12:09,894: log_options() 'smart_register_shown = True'
INFO: 2020-10-02 12:12:09,894: log_options() 'sources = [[False, 3, u'The Favorites folder'], [False, 4, u'The Fetched folder'], [False, 19, u'Recommended by Variety. Adapts to your taste as you mark images as favorite or trash.'], [False, 20, u'Latest favorites by the other users of Variety. [May contain NSFW images]'], [False, 2, u'/usr/share/backgrounds'], [False, 6, u'Random wallpapers from Desktoppr.co'], [False, 15, u'Bing Photo of the Day'], [False, 16, u'High-resolution photos from Unsplash.com'], [False, 8, u"NASA's Astronomy Picture of the Day"], [False, 11, u'World Sunlight Map - live wallpaper from Die.net'], [False, 7, u'user:www.flickr.com/photos/peter-levi/;user_id:93647178@N00;'], [False, 2, u'/home/padre/Pictures/wallpapers'], [True, 2, u'/home/padre/Pictures/helen']]'
INFO: 2020-10-02 12:12:09,894: log_options() 'stats_enabled = False'
INFO: 2020-10-02 12:12:09,894: log_options() 'stats_notice_shown = True'
INFO: 2020-10-02 12:12:09,894: log_options() 'sync_enabled = True'
INFO: 2020-10-02 12:12:09,894: log_options() 'use_landscape_enabled = True'
INFO: 2020-10-02 12:12:09,894: reload_config() 'No need to clear prepared queue'
INFO: 2020-10-02 12:12:09,895: load_last_change_time() 'Change interval < 6 hours, ignore persisted last_change_time, wait initially the whole interval: 7200'
INFO: 2020-10-02 12:12:09,895: update_indicator() 'Setting file info to: /home/padre/Pictures/helen/DSC_4317.JPG'
INFO: 2020-10-02 12:12:09,912: regular_change_thread() 'regular_change thread running'
INFO: 2020-10-02 12:12:09,940: prepare_thread() 'Prepare thread running'
INFO: 2020-10-02 12:12:09,940: prepare_thread() 'Prepared buffer contains 0 images'
INFO: 2020-10-02 12:12:09,941: prepare_thread() 'Preparing some images'
INFO: 2020-10-02 12:12:09,974: update_indicator_icon() 'Creating indicator'
INFO: 2020-10-02 12:12:10,014: do_set_wp() 'Calling do_set_wp with /home/padre/Pictures/helen/DSC_4317.JPG, time: 1601629930.01'
INFO: 2020-10-02 12:12:10,018: get_safe_mode_keyword_blacklist() 'Could not fetch Safe mode blacklisted keywords, using defaults:'
WARNING: 2020-10-02 12:12:10,048: create_menu() 'Variety Slideshow is not installed. This is an optional extension adding pan-and-zoom slideshows to Variety: see https://github.com/peterlevi/variety-slideshow for details'
INFO: 2020-10-02 12:12:10,060: update_indicator() 'Setting file info to: /home/padre/Pictures/helen/DSC_4317.JPG'
INFO: 2020-10-02 12:12:10,120: prepare_thread() 'After search prepared buffer contains 6 images'
INFO: 2020-10-02 12:12:10,198: set_from_theme_icon() 'Showing indicator icon variety-indicator from GTK theme'
INFO: 2020-10-02 12:12:10,198: update_indicator() 'Setting file info to: /home/padre/Pictures/helen/DSC_4317.JPG'
INFO: 2020-10-02 12:12:11,383: reload() 'Reloading preferences dialog'
INFO: 2020-10-02 12:12:12,053: update_indicator() 'Setting file info to: /home/padre/Pictures/helen/DSC_4317.JPG'
INFO: 2020-10-02 12:12:29,991: server_options_thread() 'Fetching server options from http://tiny.cc/variety-options-063'
INFO: 2020-10-02 12:12:31,338: server_options_thread() 'Fetched server options: {u'unsplash': {u'min_fill_queue_interval': 20000000000, u'min_download_interval': 20000000000}, u'unsplash_v2': {u'min_fill_queue_interval': 2000, u'min_download_interval': 1200}, u'wallpapers.net': {u'min_fill_queue_interval': 601, u'min_download_interval': 0}, u'wallhaven': {u'min_fill_queue_interval': 1800, u'min_download_interval': 1800}, u'wallbase': {u'min_fill_queue_interval': 1800, u'min_download_interval': 1800}, u'flickr': {u'min_fill_queue_interval': 1200, u'min_download_interval': 1200}, u'status_message': {u'*': u'', u'0.0.1': u''}}'
